8.7.2022, 19:47:51 - INFO - Server is running on port: 3030 
8.7.2022, 19:50:39 - INFO - Server is running on port: 3030 
13.7.2022, 19:49:21 - INFO - Server is running on port: 3030 
13.7.2022, 19:50:56 - INFO - Server is running on port: 3030 
13.7.2022, 19:52:24 - ERROR - while finding board [object Object] | Error: Argument passed in must be a single String of 12 bytes or a string of 24 hex characters 
13.7.2022, 19:52:24 - ERROR - Failed to get board | Error: Argument passed in must be a single String of 12 bytes or a string of 24 hex characters 
13.7.2022, 19:54:12 - INFO - Server is running on port: 3030 
13.7.2022, 19:59:19 - INFO - Server is running on port: 3030 
13.7.2022, 19:59:21 - DEBUG - auth.service - login with username: n1 
13.7.2022, 19:59:22 - DEBUG - auth.service - login with username: n1 
13.7.2022, 19:59:22 - DEBUG - auth.service - login with username: n1 
13.7.2022, 19:59:23 - INFO - User login:  | {"_id":"629e05249a28133be456c129","username":"n1","fullname":"noam","boards":["629e05339a28133be456c12a","62a0442c85df3b9b549bd492"],"imgUrl":"https://res.cloudinary.com/dgjmjxkct/image/upload/v1654540893/T02SFLQBMS9-U034L6SMYE8-19b83471b07d-512_iv0lka.jpg","mentions":[]} 
13.7.2022, 19:59:23 - INFO - User login:  | {"_id":"629e05249a28133be456c129","username":"n1","fullname":"noam","boards":["629e05339a28133be456c12a","62a0442c85df3b9b549bd492"],"imgUrl":"https://res.cloudinary.com/dgjmjxkct/image/upload/v1654540893/T02SFLQBMS9-U034L6SMYE8-19b83471b07d-512_iv0lka.jpg","mentions":[]} 
13.7.2022, 19:59:23 - INFO - User login:  | {"_id":"629e05249a28133be456c129","username":"n1","fullname":"noam","boards":["629e05339a28133be456c12a","62a0442c85df3b9b549bd492"],"imgUrl":"https://res.cloudinary.com/dgjmjxkct/image/upload/v1654540893/T02SFLQBMS9-U034L6SMYE8-19b83471b07d-512_iv0lka.jpg","mentions":[]} 
13.7.2022, 19:59:40 - ERROR - while finding board [object Object] | Error: Argument passed in must be a single String of 12 bytes or a string of 24 hex characters (userId: 629e05249a28133be456c129)
13.7.2022, 19:59:40 - ERROR - Failed to get board | Error: Argument passed in must be a single String of 12 bytes or a string of 24 hex characters (userId: 629e05249a28133be456c129)
13.7.2022, 23:11:50 - DEBUG - auth.service - login with username: n1 (userId: 629e05249a28133be456c129)
13.7.2022, 23:11:51 - INFO - User login:  | {"_id":"629e05249a28133be456c129","username":"n1","fullname":"noam","boards":["629e05339a28133be456c12a","62a0442c85df3b9b549bd492"],"imgUrl":"https://res.cloudinary.com/dgjmjxkct/image/upload/v1654540893/T02SFLQBMS9-U034L6SMYE8-19b83471b07d-512_iv0lka.jpg","mentions":[]} (userId: 629e05249a28133be456c129)
13.7.2022, 23:11:54 - ERROR - while finding board [object Object] | Error: Argument passed in must be a single String of 12 bytes or a string of 24 hex characters (userId: 629e05249a28133be456c129)
13.7.2022, 23:11:54 - ERROR - Failed to get board | Error: Argument passed in must be a single String of 12 bytes or a string of 24 hex characters (userId: 629e05249a28133be456c129)
14.7.2022, 13:57:49 - INFO - Server is running on port: 3030 
14.7.2022, 15:14:48 - INFO - Server is running on port: 3030 
14.7.2022, 15:15:27 - INFO - Server is running on port: 3030 
14.7.2022, 15:15:31 - DEBUG - auth.service - login with username: n1 (userId: 629e05249a28133be456c129)
14.7.2022, 15:15:33 - INFO - User login:  | {"_id":"629e05249a28133be456c129","username":"n1","fullname":"noam","boards":["629e05339a28133be456c12a","62a0442c85df3b9b549bd492"],"imgUrl":"https://res.cloudinary.com/dgjmjxkct/image/upload/v1654540893/T02SFLQBMS9-U034L6SMYE8-19b83471b07d-512_iv0lka.jpg","mentions":[]} (userId: 629e05249a28133be456c129)
14.7.2022, 15:15:34 - ERROR - while finding board [object Object] | Error: Argument passed in must be a single String of 12 bytes or a string of 24 hex characters (userId: 629e05249a28133be456c129)
14.7.2022, 15:15:34 - ERROR - Failed to get board | Error: Argument passed in must be a single String of 12 bytes or a string of 24 hex characters (userId: 629e05249a28133be456c129)
14.7.2022, 20:35:55 - INFO - Server is running on port: 3030 
14.7.2022, 20:36:42 - DEBUG - auth.service - login with username: n1 (userId: 629e05249a28133be456c129)
14.7.2022, 20:36:43 - INFO - User login:  | {"_id":"629e05249a28133be456c129","username":"n1","fullname":"noam","boards":["629e05339a28133be456c12a","62a0442c85df3b9b549bd492"],"imgUrl":"https://res.cloudinary.com/dgjmjxkct/image/upload/v1654540893/T02SFLQBMS9-U034L6SMYE8-19b83471b07d-512_iv0lka.jpg","mentions":[]} (userId: 629e05249a28133be456c129)
14.7.2022, 20:36:54 - ERROR - while finding board [object Object] | Error: Argument passed in must be a single String of 12 bytes or a string of 24 hex characters (userId: 629e05249a28133be456c129)
14.7.2022, 20:36:54 - ERROR - Failed to get board | Error: Argument passed in must be a single String of 12 bytes or a string of 24 hex characters (userId: 629e05249a28133be456c129)
17.7.2022, 11:18:08 - INFO - Server is running on port: 3030 
17.7.2022, 11:18:38 - DEBUG - auth.service - login with username: n1 
17.7.2022, 11:18:40 - INFO - User login:  | {"_id":"629e05249a28133be456c129","username":"n1","fullname":"noam","boards":["629e05339a28133be456c12a","62a0442c85df3b9b549bd492"],"imgUrl":"https://res.cloudinary.com/dgjmjxkct/image/upload/v1654540893/T02SFLQBMS9-U034L6SMYE8-19b83471b07d-512_iv0lka.jpg","mentions":[]} 
17.7.2022, 11:18:44 - ERROR - while finding board [object Object] | Error: Argument passed in must be a single String of 12 bytes or a string of 24 hex characters (userId: 629e05249a28133be456c129)
17.7.2022, 11:18:45 - ERROR - Failed to get board | Error: Argument passed in must be a single String of 12 bytes or a string of 24 hex characters (userId: 629e05249a28133be456c129)
17.7.2022, 14:57:25 - ERROR - while finding board [object Object] | Error: Argument passed in must be a single String of 12 bytes or a string of 24 hex characters (userId: 629e05249a28133be456c129)
17.7.2022, 14:57:25 - ERROR - Failed to get board | Error: Argument passed in must be a single String of 12 bytes or a string of 24 hex characters (userId: 629e05249a28133be456c129)
17.7.2022, 15:05:55 - ERROR - while finding board [object Object] | Error: Argument passed in must be a single String of 12 bytes or a string of 24 hex characters (userId: 629e05249a28133be456c129)
17.7.2022, 15:05:55 - ERROR - Failed to get board | Error: Argument passed in must be a single String of 12 bytes or a string of 24 hex characters (userId: 629e05249a28133be456c129)
17.7.2022, 15:06:57 - ERROR - while finding board [object Object] | Error: Argument passed in must be a single String of 12 bytes or a string of 24 hex characters (userId: 629e05249a28133be456c129)
17.7.2022, 15:06:57 - ERROR - Failed to get board | Error: Argument passed in must be a single String of 12 bytes or a string of 24 hex characters (userId: 629e05249a28133be456c129)
19.7.2022, 16:05:41 - DEBUG - auth.service - login with username: n1 (userId: 629e05249a28133be456c129)
19.7.2022, 16:05:42 - INFO - User login:  | {"_id":"629e05249a28133be456c129","username":"n1","fullname":"noam","boards":["629e05339a28133be456c12a","62a0442c85df3b9b549bd492"],"imgUrl":"https://res.cloudinary.com/dgjmjxkct/image/upload/v1654540893/T02SFLQBMS9-U034L6SMYE8-19b83471b07d-512_iv0lka.jpg","mentions":[]} (userId: 629e05249a28133be456c129)
19.7.2022, 16:05:46 - ERROR - while finding board [object Object] | Error: Argument passed in must be a single String of 12 bytes or a string of 24 hex characters (userId: 629e05249a28133be456c129)
19.7.2022, 16:05:46 - ERROR - Failed to get board | Error: Argument passed in must be a single String of 12 bytes or a string of 24 hex characters (userId: 629e05249a28133be456c129)
19.7.2022, 16:06:44 - DEBUG - auth.service - login with username: n1 (userId: 629e05249a28133be456c129)
19.7.2022, 16:06:44 - INFO - User login:  | {"_id":"629e05249a28133be456c129","username":"n1","fullname":"noam","boards":["629e05339a28133be456c12a","62a0442c85df3b9b549bd492"],"imgUrl":"https://res.cloudinary.com/dgjmjxkct/image/upload/v1654540893/T02SFLQBMS9-U034L6SMYE8-19b83471b07d-512_iv0lka.jpg","mentions":[]} (userId: 629e05249a28133be456c129)
19.7.2022, 16:06:46 - ERROR - while finding board [object Object] | Error: Argument passed in must be a single String of 12 bytes or a string of 24 hex characters (userId: 629e05249a28133be456c129)
19.7.2022, 16:06:46 - ERROR - Failed to get board | Error: Argument passed in must be a single String of 12 bytes or a string of 24 hex characters (userId: 629e05249a28133be456c129)
20.7.2022, 1:11:12 - DEBUG - auth.service - login with username: n1 (userId: 629e05249a28133be456c129)
20.7.2022, 1:11:12 - INFO - User login:  | {"_id":"629e05249a28133be456c129","username":"n1","fullname":"noam","boards":["629e05339a28133be456c12a","62a0442c85df3b9b549bd492"],"imgUrl":"https://res.cloudinary.com/dgjmjxkct/image/upload/v1654540893/T02SFLQBMS9-U034L6SMYE8-19b83471b07d-512_iv0lka.jpg","mentions":[]} (userId: 629e05249a28133be456c129)
20.7.2022, 1:11:16 - ERROR - while finding board [object Object] | Error: Argument passed in must be a single String of 12 bytes or a string of 24 hex characters (userId: 629e05249a28133be456c129)
20.7.2022, 1:11:16 - ERROR - Failed to get board | Error: Argument passed in must be a single String of 12 bytes or a string of 24 hex characters (userId: 629e05249a28133be456c129)
20.7.2022, 19:08:49 - ERROR - while finding board [object Object] | Error: Argument passed in must be a single String of 12 bytes or a string of 24 hex characters (userId: 629e05249a28133be456c129)
20.7.2022, 19:08:49 - ERROR - Failed to get board | Error: Argument passed in must be a single String of 12 bytes or a string of 24 hex characters (userId: 629e05249a28133be456c129)
21.7.2022, 1:35:51 - DEBUG - auth.service - login with username: n1 (userId: 629e05249a28133be456c129)
21.7.2022, 1:35:51 - INFO - User login:  | {"_id":"629e05249a28133be456c129","username":"n1","fullname":"noam","boards":["629e05339a28133be456c12a","62a0442c85df3b9b549bd492"],"imgUrl":"https://res.cloudinary.com/dgjmjxkct/image/upload/v1654540893/T02SFLQBMS9-U034L6SMYE8-19b83471b07d-512_iv0lka.jpg","mentions":[]} (userId: 629e05249a28133be456c129)
21.7.2022, 1:35:56 - ERROR - while finding board [object Object] | Error: Argument passed in must be a single String of 12 bytes or a string of 24 hex characters (userId: 629e05249a28133be456c129)
21.7.2022, 1:35:56 - ERROR - Failed to get board | Error: Argument passed in must be a single String of 12 bytes or a string of 24 hex characters (userId: 629e05249a28133be456c129)
21.7.2022, 1:47:32 - ERROR - while finding board [object Object] | Error: Argument passed in must be a single String of 12 bytes or a string of 24 hex characters (userId: 629e05249a28133be456c129)
21.7.2022, 1:47:32 - ERROR - Failed to get board | Error: Argument passed in must be a single String of 12 bytes or a string of 24 hex characters (userId: 629e05249a28133be456c129)
21.7.2022, 13:24:38 - DEBUG - auth.service - login with username: n1 (userId: 629e05249a28133be456c129)
21.7.2022, 13:24:39 - INFO - User login:  | {"_id":"629e05249a28133be456c129","username":"n1","fullname":"noam","boards":["629e05339a28133be456c12a","62a0442c85df3b9b549bd492"],"imgUrl":"https://res.cloudinary.com/dgjmjxkct/image/upload/v1654540893/T02SFLQBMS9-U034L6SMYE8-19b83471b07d-512_iv0lka.jpg","mentions":[]} (userId: 629e05249a28133be456c129)
21.7.2022, 13:24:44 - ERROR - while finding board [object Object] | Error: Argument passed in must be a single String of 12 bytes or a string of 24 hex characters (userId: 629e05249a28133be456c129)
21.7.2022, 13:24:44 - ERROR - Failed to get board | Error: Argument passed in must be a single String of 12 bytes or a string of 24 hex characters (userId: 629e05249a28133be456c129)
21.7.2022, 15:28:44 - ERROR - while finding board [object Object] | Error: Argument passed in must be a single String of 12 bytes or a string of 24 hex characters (userId: 629e05249a28133be456c129)
21.7.2022, 15:28:44 - ERROR - Failed to get board | Error: Argument passed in must be a single String of 12 bytes or a string of 24 hex characters (userId: 629e05249a28133be456c129)
21.7.2022, 16:02:19 - DEBUG - auth.service - login with username: n1 (userId: 629e05249a28133be456c129)
21.7.2022, 16:02:19 - INFO - User login:  | {"_id":"629e05249a28133be456c129","username":"n1","fullname":"noam","boards":["629e05339a28133be456c12a","62a0442c85df3b9b549bd492"],"imgUrl":"https://res.cloudinary.com/dgjmjxkct/image/upload/v1654540893/T02SFLQBMS9-U034L6SMYE8-19b83471b07d-512_iv0lka.jpg","mentions":[]} (userId: 629e05249a28133be456c129)
21.7.2022, 16:02:23 - ERROR - while finding board [object Object] | Error: Argument passed in must be a single String of 12 bytes or a string of 24 hex characters (userId: 629e05249a28133be456c129)
21.7.2022, 16:02:23 - ERROR - Failed to get board | Error: Argument passed in must be a single String of 12 bytes or a string of 24 hex characters (userId: 629e05249a28133be456c129)
22.7.2022, 0:55:37 - DEBUG - auth.service - login with username: n1 (userId: 629e05249a28133be456c129)
22.7.2022, 0:55:38 - INFO - User login:  | {"_id":"629e05249a28133be456c129","username":"n1","fullname":"noam","boards":["629e05339a28133be456c12a","62a0442c85df3b9b549bd492"],"imgUrl":"https://res.cloudinary.com/dgjmjxkct/image/upload/v1654540893/T02SFLQBMS9-U034L6SMYE8-19b83471b07d-512_iv0lka.jpg","mentions":[]} (userId: 629e05249a28133be456c129)
22.7.2022, 0:55:47 - ERROR - while finding board [object Object] | Error: Argument passed in must be a single String of 12 bytes or a string of 24 hex characters (userId: 629e05249a28133be456c129)
22.7.2022, 0:55:47 - ERROR - Failed to get board | Error: Argument passed in must be a single String of 12 bytes or a string of 24 hex characters (userId: 629e05249a28133be456c129)
22.7.2022, 16:40:05 - ERROR - while finding board [object Object] | Error: Argument passed in must be a single String of 12 bytes or a string of 24 hex characters (userId: 629e05249a28133be456c129)
22.7.2022, 16:40:05 - ERROR - Failed to get board | Error: Argument passed in must be a single String of 12 bytes or a string of 24 hex characters (userId: 629e05249a28133be456c129)
22.7.2022, 23:59:39 - ERROR - while finding board [object Object] | Error: Argument passed in must be a single String of 12 bytes or a string of 24 hex characters (userId: 629e05249a28133be456c129)
22.7.2022, 23:59:39 - ERROR - Failed to get board | Error: Argument passed in must be a single String of 12 bytes or a string of 24 hex characters (userId: 629e05249a28133be456c129)
23.7.2022, 0:00:01 - ERROR - while finding board [object Object] | Error: Argument passed in must be a single String of 12 bytes or a string of 24 hex characters (userId: 629e05249a28133be456c129)
23.7.2022, 0:00:01 - ERROR - Failed to get board | Error: Argument passed in must be a single String of 12 bytes or a string of 24 hex characters (userId: 629e05249a28133be456c129)
23.7.2022, 2:34:33 - ERROR - while finding board [object Object] | Error: Argument passed in must be a single String of 12 bytes or a string of 24 hex characters (userId: 629e05249a28133be456c129)
23.7.2022, 2:34:33 - ERROR - Failed to get board | Error: Argument passed in must be a single String of 12 bytes or a string of 24 hex characters (userId: 629e05249a28133be456c129)
23.7.2022, 17:26:21 - ERROR - while finding board [object Object] | Error: Argument passed in must be a single String of 12 bytes or a string of 24 hex characters (userId: 629e05249a28133be456c129)
23.7.2022, 17:26:21 - ERROR - Failed to get board | Error: Argument passed in must be a single String of 12 bytes or a string of 24 hex characters (userId: 629e05249a28133be456c129)
23.7.2022, 17:33:50 - ERROR - while finding board [object Object] | Error: Argument passed in must be a single String of 12 bytes or a string of 24 hex characters (userId: 629e05249a28133be456c129)
23.7.2022, 17:33:50 - ERROR - Failed to get board | Error: Argument passed in must be a single String of 12 bytes or a string of 24 hex characters (userId: 629e05249a28133be456c129)
24.7.2022, 0:24:14 - ERROR - while finding board [object Object] | Error: Argument passed in must be a single String of 12 bytes or a string of 24 hex characters (userId: 629e05249a28133be456c129)
24.7.2022, 0:24:14 - ERROR - Failed to get board | Error: Argument passed in must be a single String of 12 bytes or a string of 24 hex characters (userId: 629e05249a28133be456c129)
24.7.2022, 18:58:34 - DEBUG - auth.service - login with username: n1 (userId: 629e05249a28133be456c129)
24.7.2022, 18:58:34 - INFO - User login:  | {"_id":"629e05249a28133be456c129","username":"n1","fullname":"noam","boards":["629e05339a28133be456c12a","62a0442c85df3b9b549bd492"],"imgUrl":"https://res.cloudinary.com/dgjmjxkct/image/upload/v1654540893/T02SFLQBMS9-U034L6SMYE8-19b83471b07d-512_iv0lka.jpg","mentions":[]} (userId: 629e05249a28133be456c129)
24.7.2022, 18:58:37 - ERROR - while finding board [object Object] | Error: Argument passed in must be a single String of 12 bytes or a string of 24 hex characters (userId: 629e05249a28133be456c129)
24.7.2022, 18:58:37 - ERROR - Failed to get board | Error: Argument passed in must be a single String of 12 bytes or a string of 24 hex characters (userId: 629e05249a28133be456c129)
25.7.2022, 15:57:07 - ERROR - while finding board [object Object] | Error: Argument passed in must be a single String of 12 bytes or a string of 24 hex characters (userId: 629e05249a28133be456c129)
25.7.2022, 15:57:07 - ERROR - Failed to get board | Error: Argument passed in must be a single String of 12 bytes or a string of 24 hex characters (userId: 629e05249a28133be456c129)
25.7.2022, 16:02:08 - ERROR - while finding board [object Object] | Error: Argument passed in must be a single String of 12 bytes or a string of 24 hex characters (userId: 629e05249a28133be456c129)
25.7.2022, 16:02:08 - ERROR - Failed to get board | Error: Argument passed in must be a single String of 12 bytes or a string of 24 hex characters (userId: 629e05249a28133be456c129)
25.7.2022, 16:04:58 - ERROR - Failed to get board | Error: Argument passed in must be a single String of 12 bytes or a string of 24 hex characters (userId: 629e05249a28133be456c129)
25.7.2022, 16:04:58 - ERROR - while finding board [object Object] | Error: Argument passed in must be a single String of 12 bytes or a string of 24 hex characters (userId: 629e05249a28133be456c129)
25.7.2022, 16:05:13 - ERROR - Failed to get board | Error: Argument passed in must be a single String of 12 bytes or a string of 24 hex characters (userId: 629e05249a28133be456c129)
25.7.2022, 16:05:13 - ERROR - while finding board [object Object] | Error: Argument passed in must be a single String of 12 bytes or a string of 24 hex characters (userId: 629e05249a28133be456c129)
25.7.2022, 16:08:30 - ERROR - while finding board [object Object] | Error: Argument passed in must be a single String of 12 bytes or a string of 24 hex characters (userId: 629e05249a28133be456c129)
25.7.2022, 16:08:30 - ERROR - Failed to get board | Error: Argument passed in must be a single String of 12 bytes or a string of 24 hex characters (userId: 629e05249a28133be456c129)
25.7.2022, 17:03:52 - ERROR - while finding board [object Object] | Error: Argument passed in must be a single String of 12 bytes or a string of 24 hex characters (userId: 629e05249a28133be456c129)
25.7.2022, 17:03:52 - ERROR - Failed to get board | Error: Argument passed in must be a single String of 12 bytes or a string of 24 hex characters (userId: 629e05249a28133be456c129)
25.7.2022, 17:06:36 - ERROR - while finding board [object Object] | Error: Argument passed in must be a single String of 12 bytes or a string of 24 hex characters (userId: 629e05249a28133be456c129)
25.7.2022, 17:06:36 - ERROR - Failed to get board | Error: Argument passed in must be a single String of 12 bytes or a string of 24 hex characters (userId: 629e05249a28133be456c129)
25.7.2022, 17:13:30 - ERROR - while finding board [object Object] | Error: Argument passed in must be a single String of 12 bytes or a string of 24 hex characters (userId: 629e05249a28133be456c129)
25.7.2022, 17:13:30 - ERROR - Failed to get board | Error: Argument passed in must be a single String of 12 bytes or a string of 24 hex characters (userId: 629e05249a28133be456c129)
25.7.2022, 17:20:52 - ERROR - while finding board [object Object] | Error: Argument passed in must be a single String of 12 bytes or a string of 24 hex characters (userId: 629e05249a28133be456c129)
25.7.2022, 17:20:52 - ERROR - Failed to get board | Error: Argument passed in must be a single String of 12 bytes or a string of 24 hex characters (userId: 629e05249a28133be456c129)
25.7.2022, 17:21:00 - ERROR - while finding board [object Object] | Error: Argument passed in must be a single String of 12 bytes or a string of 24 hex characters (userId: 629e05249a28133be456c129)
25.7.2022, 17:21:00 - ERROR - Failed to get board | Error: Argument passed in must be a single String of 12 bytes or a string of 24 hex characters (userId: 629e05249a28133be456c129)
26.7.2022, 1:03:03 - ERROR - while finding board [object Object] | Error: Argument passed in must be a single String of 12 bytes or a string of 24 hex characters (userId: 629e05249a28133be456c129)
26.7.2022, 1:03:03 - ERROR - Failed to get board | Error: Argument passed in must be a single String of 12 bytes or a string of 24 hex characters (userId: 629e05249a28133be456c129)
26.7.2022, 1:03:19 - ERROR - while finding board [object Object] | Error: Argument passed in must be a single String of 12 bytes or a string of 24 hex characters (userId: 629e05249a28133be456c129)
26.7.2022, 1:03:19 - ERROR - Failed to get board | Error: Argument passed in must be a single String of 12 bytes or a string of 24 hex characters (userId: 629e05249a28133be456c129)
26.7.2022, 1:04:25 - ERROR - while finding board [object Object] | Error: Argument passed in must be a single String of 12 bytes or a string of 24 hex characters (userId: 629e05249a28133be456c129)
26.7.2022, 1:04:25 - ERROR - Failed to get board | Error: Argument passed in must be a single String of 12 bytes or a string of 24 hex characters (userId: 629e05249a28133be456c129)
26.7.2022, 1:04:47 - ERROR - while finding board [object Object] | Error: Argument passed in must be a single String of 12 bytes or a string of 24 hex characters (userId: 629e05249a28133be456c129)
26.7.2022, 1:04:47 - ERROR - Failed to get board | Error: Argument passed in must be a single String of 12 bytes or a string of 24 hex characters (userId: 629e05249a28133be456c129)
26.7.2022, 1:13:49 - DEBUG - auth.service - login with username: n1 (userId: 629e05249a28133be456c129)
26.7.2022, 1:13:49 - INFO - User login:  | {"_id":"629e05249a28133be456c129","username":"n1","fullname":"noam","boards":["629e05339a28133be456c12a","62a0442c85df3b9b549bd492"],"imgUrl":"https://res.cloudinary.com/dgjmjxkct/image/upload/v1654540893/T02SFLQBMS9-U034L6SMYE8-19b83471b07d-512_iv0lka.jpg","mentions":[]} (userId: 629e05249a28133be456c129)
26.7.2022, 1:13:56 - ERROR - while finding board [object Object] | Error: Argument passed in must be a single String of 12 bytes or a string of 24 hex characters (userId: 629e05249a28133be456c129)
26.7.2022, 1:13:56 - ERROR - Failed to get board | Error: Argument passed in must be a single String of 12 bytes or a string of 24 hex characters (userId: 629e05249a28133be456c129)
26.7.2022, 1:16:40 - INFO - Server is running on port: 3030 
26.7.2022, 15:20:12 - INFO - Server is running on port: 3030 
26.7.2022, 15:21:18 - DEBUG - auth.service - login with username: n1 (userId: 629e05249a28133be456c129)
26.7.2022, 15:21:20 - INFO - User login:  | {"_id":"629e05249a28133be456c129","username":"n1","fullname":"noam","boards":["629e05339a28133be456c12a","62a0442c85df3b9b549bd492"],"imgUrl":"https://res.cloudinary.com/dgjmjxkct/image/upload/v1654540893/T02SFLQBMS9-U034L6SMYE8-19b83471b07d-512_iv0lka.jpg","mentions":[]} (userId: 629e05249a28133be456c129)
26.7.2022, 15:21:27 - ERROR - while finding board [object Object] | Error: Argument passed in must be a single String of 12 bytes or a string of 24 hex characters (userId: 629e05249a28133be456c129)
26.7.2022, 15:21:27 - ERROR - Failed to get board | Error: Argument passed in must be a single String of 12 bytes or a string of 24 hex characters (userId: 629e05249a28133be456c129)
26.7.2022, 15:34:43 - INFO - Server is running on port: 3030 
26.7.2022, 15:35:16 - DEBUG - auth.service - login with username: n1 (userId: 629e05249a28133be456c129)
26.7.2022, 15:35:17 - INFO - User login:  | {"_id":"629e05249a28133be456c129","username":"n1","fullname":"noam","boards":["629e05339a28133be456c12a","62a0442c85df3b9b549bd492"],"imgUrl":"https://res.cloudinary.com/dgjmjxkct/image/upload/v1654540893/T02SFLQBMS9-U034L6SMYE8-19b83471b07d-512_iv0lka.jpg","mentions":[]} (userId: 629e05249a28133be456c129)
26.7.2022, 15:40:45 - ERROR - while finding board [object Object] | Error: Argument passed in must be a single String of 12 bytes or a string of 24 hex characters (userId: 629e05249a28133be456c129)
26.7.2022, 15:40:45 - ERROR - Failed to get board | Error: Argument passed in must be a single String of 12 bytes or a string of 24 hex characters (userId: 629e05249a28133be456c129)
26.7.2022, 15:42:29 - ERROR - while finding board [object Object] | Error: Argument passed in must be a single String of 12 bytes or a string of 24 hex characters (userId: 629e05249a28133be456c129)
26.7.2022, 15:42:29 - ERROR - Failed to get board | Error: Argument passed in must be a single String of 12 bytes or a string of 24 hex characters (userId: 629e05249a28133be456c129)
26.7.2022, 20:15:55 - INFO - Server is running on port: 3030 
26.7.2022, 20:17:01 - DEBUG - auth.service - login with username: n1 (userId: 629e05249a28133be456c129)
26.7.2022, 20:17:03 - INFO - User login:  | {"_id":"629e05249a28133be456c129","username":"n1","fullname":"noam","boards":["629e05339a28133be456c12a","62a0442c85df3b9b549bd492","62e009dd2a7ffb4a904cf571"],"imgUrl":"https://res.cloudinary.com/dgjmjxkct/image/upload/v1654540893/T02SFLQBMS9-U034L6SMYE8-19b83471b07d-512_iv0lka.jpg","mentions":[]} (userId: 629e05249a28133be456c129)
26.7.2022, 20:17:06 - ERROR - while finding board [object Object] | Error: Argument passed in must be a single String of 12 bytes or a string of 24 hex characters (userId: 629e05249a28133be456c129)
26.7.2022, 20:17:06 - ERROR - Failed to get board | Error: Argument passed in must be a single String of 12 bytes or a string of 24 hex characters (userId: 629e05249a28133be456c129)
26.7.2022, 20:20:35 - INFO - New connected socket [id: bbgSjBlQggnZzyOLAAAB] 
26.7.2022, 20:20:37 - INFO - Setting socket.userId = null for socket [id: bbgSjBlQggnZzyOLAAAB] 
26.7.2022, 20:20:42 - INFO - Socket disconnected [id: undefined] 
26.7.2022, 20:20:44 - INFO - New connected socket [id: RrB3vSyV-1WGQAgkAAAD] 
26.7.2022, 20:20:44 - INFO - Setting socket.userId = null for socket [id: RrB3vSyV-1WGQAgkAAAD] 
26.7.2022, 20:23:11 - INFO - New connected socket [id: CpE4oLBnurBjWQc3AAAF] 
26.7.2022, 20:23:54 - INFO - Setting socket.userId = null for socket [id: CpE4oLBnurBjWQc3AAAF] 
26.7.2022, 20:27:08 - INFO - Server is running on port: 3030 
26.7.2022, 20:27:09 - INFO - New connected socket [id: xiPhL6qaA76u0d19AAAC] 
26.7.2022, 20:27:09 - INFO - New connected socket [id: fR6HXZ-dywLL4nnSAAAD] 
26.7.2022, 20:28:10 - INFO - New connected socket [id: mIlFLy7h911oSl_EAAAF] 
26.7.2022, 20:28:11 - INFO - updated board 
26.7.2022, 20:29:27 - INFO - Setting socket.userId = null for socket [id: mIlFLy7h911oSl_EAAAF] 
26.7.2022, 20:30:41 - INFO - New connected socket [id: ytOH3EGJzr9DtQjEAAAH] 
26.7.2022, 20:30:41 - INFO - Setting socket.userId = null for socket [id: ytOH3EGJzr9DtQjEAAAH] 
26.7.2022, 20:30:43 - INFO - updated board 
26.7.2022, 20:30:48 - INFO - updated board 
26.7.2022, 20:30:55 - INFO - updated board 
26.7.2022, 20:31:00 - INFO - Socket disconnected [id: undefined] 
26.7.2022, 20:31:00 - INFO - New connected socket [id: 0irxV_JC_1UHw940AAAJ] 
26.7.2022, 20:31:00 - INFO - Setting socket.userId = null for socket [id: 0irxV_JC_1UHw940AAAJ] 
26.7.2022, 20:31:02 - INFO - updated board 
26.7.2022, 20:31:05 - INFO - updated board 
26.7.2022, 20:31:45 - INFO - Server is running on port: 3030 
26.7.2022, 20:31:45 - INFO - New connected socket [id: q0k-GeO4PKD7ZAZuAAAD] 
26.7.2022, 20:31:45 - INFO - New connected socket [id: VTOLaP5H9w_d0G-HAAAE] 
26.7.2022, 20:31:46 - INFO - New connected socket [id: UFMTOhBgc8mEuDVpAAAF] 
26.7.2022, 20:31:46 - INFO - New connected socket [id: CwctHMPAfpIE0C4yAAAH] 
26.7.2022, 20:31:51 - INFO - updated board 
26.7.2022, 20:31:55 - INFO - updated board 
26.7.2022, 20:32:08 - INFO - Server is running on port: 3030 
26.7.2022, 20:32:09 - INFO - New connected socket [id: oiq9QJgR4E0_l-GmAAAE] 
26.7.2022, 20:32:09 - INFO - New connected socket [id: wJb-cCs0iHtsjFiFAAAF] 
26.7.2022, 20:32:09 - INFO - New connected socket [id: puola5AVIwPcOz8dAAAG] 
26.7.2022, 20:32:09 - INFO - New connected socket [id: umPPtIQVjxkE4Vx9AAAH] 
26.7.2022, 20:32:39 - INFO - updated board 
26.7.2022, 20:33:09 - INFO - updated board 
26.7.2022, 20:33:37 - INFO - updated board 
26.7.2022, 20:33:44 - INFO - updated board 
26.7.2022, 20:35:10 - INFO - updated board 
26.7.2022, 20:35:16 - INFO - updated board 
26.7.2022, 20:35:20 - INFO - updated board 
26.7.2022, 20:35:23 - INFO - updated board 
26.7.2022, 20:35:41 - INFO - updated board 
26.7.2022, 20:56:39 - INFO - Socket disconnected [id: undefined] 
26.7.2022, 20:56:39 - INFO - Socket disconnected [id: undefined] 
26.7.2022, 20:56:39 - INFO - Socket disconnected [id: undefined] 
26.7.2022, 20:56:43 - INFO - Socket disconnected [id: undefined] 
26.7.2022, 22:11:12 - INFO - New connected socket [id: FomS7Q3tuXxXkKmsAAAL] 
26.7.2022, 22:11:12 - INFO - New connected socket [id: k5XzifBhBsI8IIzQAAAN] 
26.7.2022, 22:11:12 - INFO - New connected socket [id: BgJRSd7BwWjDBStTAAAO] 
26.7.2022, 22:11:12 - INFO - New connected socket [id: qQgzi0R_QEsQ8059AAAP] 
26.7.2022, 22:29:43 - INFO - Socket disconnected [id: undefined] 
26.7.2022, 22:29:43 - INFO - Socket disconnected [id: undefined] 
26.7.2022, 22:29:43 - INFO - Socket disconnected [id: undefined] 
26.7.2022, 22:29:44 - INFO - Socket disconnected [id: undefined] 
26.7.2022, 22:29:55 - INFO - New connected socket [id: HfaPcyHMHPEWLBcqAAAR] 
26.7.2022, 22:29:55 - INFO - New connected socket [id: iie--CsDEwiSmIONAAAV] 
26.7.2022, 22:29:55 - INFO - New connected socket [id: 9T0cR3znBW6mGnvcAAAW] 
26.7.2022, 22:29:55 - INFO - New connected socket [id: _P-6-e96XbeaBa9rAAAX] 
